mode: set
github.com/slimm609/checksec/v3/pkg/utils/checks.go:14.55,15.16 1 0
github.com/slimm609/checksec/v3/pkg/utils/checks.go:15.16,16.32 1 0
github.com/slimm609/checksec/v3/pkg/utils/checks.go:16.32,21.5 1 0
github.com/slimm609/checksec/v3/pkg/utils/checks.go:23.3,23.34 1 0
github.com/slimm609/checksec/v3/pkg/utils/checks.go:25.47,27.17 2 0
github.com/slimm609/checksec/v3/pkg/utils/checks.go:27.17,32.4 1 0
github.com/slimm609/checksec/v3/pkg/utils/checks.go:33.3,33.16 1 0
github.com/slimm609/checksec/v3/pkg/utils/checks.go:35.44,37.17 2 0
github.com/slimm609/checksec/v3/pkg/utils/checks.go:37.17,42.4 1 0
github.com/slimm609/checksec/v3/pkg/utils/checks.go:43.3,43.16 1 0
github.com/slimm609/checksec/v3/pkg/utils/checks.go:45.72,46.16 1 0
github.com/slimm609/checksec/v3/pkg/utils/checks.go:46.16,47.32 1 0
github.com/slimm609/checksec/v3/pkg/utils/checks.go:47.32,52.5 1 0
github.com/slimm609/checksec/v3/pkg/utils/checks.go:54.3,54.51 1 0
github.com/slimm609/checksec/v3/pkg/utils/checks.go:56.73,57.16 1 0
github.com/slimm609/checksec/v3/pkg/utils/checks.go:57.16,58.32 1 0
github.com/slimm609/checksec/v3/pkg/utils/checks.go:58.32,63.5 1 0
github.com/slimm609/checksec/v3/pkg/utils/checks.go:65.3,65.52 1 0
github.com/slimm609/checksec/v3/pkg/utils/checks.go:67.55,68.16 1 0
github.com/slimm609/checksec/v3/pkg/utils/checks.go:68.16,69.32 1 0
github.com/slimm609/checksec/v3/pkg/utils/checks.go:69.32,74.5 1 0
github.com/slimm609/checksec/v3/pkg/utils/checks.go:76.3,76.34 1 0
github.com/slimm609/checksec/v3/pkg/utils/checks.go:78.57,79.16 1 0
github.com/slimm609/checksec/v3/pkg/utils/checks.go:79.16,80.32 1 0
github.com/slimm609/checksec/v3/pkg/utils/checks.go:80.32,85.5 1 0
github.com/slimm609/checksec/v3/pkg/utils/checks.go:87.3,87.36 1 0
github.com/slimm609/checksec/v3/pkg/utils/checks.go:89.57,90.16 1 0
github.com/slimm609/checksec/v3/pkg/utils/checks.go:90.16,91.32 1 0
github.com/slimm609/checksec/v3/pkg/utils/checks.go:91.32,96.5 1 0
github.com/slimm609/checksec/v3/pkg/utils/checks.go:98.3,98.36 1 0
github.com/slimm609/checksec/v3/pkg/utils/checks.go:100.50,102.17 2 0
github.com/slimm609/checksec/v3/pkg/utils/checks.go:102.17,107.4 1 0
github.com/slimm609/checksec/v3/pkg/utils/checks.go:108.3,108.16 1 0
github.com/slimm609/checksec/v3/pkg/utils/checks.go:110.90,111.16 1 0
github.com/slimm609/checksec/v3/pkg/utils/checks.go:111.16,112.32 1 0
github.com/slimm609/checksec/v3/pkg/utils/checks.go:112.32,119.5 1 0
github.com/slimm609/checksec/v3/pkg/utils/checks.go:121.3,121.62 1 0
github.com/slimm609/checksec/v3/pkg/utils/checks.go:128.61,130.30 2 1
github.com/slimm609/checksec/v3/pkg/utils/checks.go:130.30,132.3 1 1
github.com/slimm609/checksec/v3/pkg/utils/checks.go:133.2,133.49 1 1
github.com/slimm609/checksec/v3/pkg/utils/checks.go:133.49,135.48 2 1
github.com/slimm609/checksec/v3/pkg/utils/checks.go:135.48,137.4 1 1
github.com/slimm609/checksec/v3/pkg/utils/checks.go:139.2,139.11 1 0
github.com/slimm609/checksec/v3/pkg/utils/checks.go:143.81,146.19 2 1
github.com/slimm609/checksec/v3/pkg/utils/checks.go:146.19,148.3 1 0
github.com/slimm609/checksec/v3/pkg/utils/checks.go:149.2,212.20 13 1
github.com/slimm609/checksec/v3/pkg/utils/checks.go:216.46,226.2 5 1
github.com/slimm609/checksec/v3/pkg/utils/filePrinter.go:58.107,61.16 2 1
github.com/slimm609/checksec/v3/pkg/utils/filePrinter.go:61.16,63.3 1 0
github.com/slimm609/checksec/v3/pkg/utils/filePrinter.go:64.2,65.16 2 1
github.com/slimm609/checksec/v3/pkg/utils/filePrinter.go:65.16,67.3 1 0
github.com/slimm609/checksec/v3/pkg/utils/filePrinter.go:68.2,70.75 2 1
github.com/slimm609/checksec/v3/pkg/utils/filePrinter.go:70.75,73.3 2 0
github.com/slimm609/checksec/v3/pkg/utils/filePrinter.go:75.2,75.28 1 1
github.com/slimm609/checksec/v3/pkg/utils/filePrinter.go:75.28,77.17 2 1
github.com/slimm609/checksec/v3/pkg/utils/filePrinter.go:77.17,79.4 1 0
github.com/slimm609/checksec/v3/pkg/utils/filePrinter.go:80.3,80.36 1 1
github.com/slimm609/checksec/v3/pkg/utils/filePrinter.go:81.8,81.35 1 1
github.com/slimm609/checksec/v3/pkg/utils/filePrinter.go:81.35,83.3 1 1
github.com/slimm609/checksec/v3/pkg/utils/filePrinter.go:83.8,83.34 1 1
github.com/slimm609/checksec/v3/pkg/utils/filePrinter.go:83.34,85.17 2 1
github.com/slimm609/checksec/v3/pkg/utils/filePrinter.go:85.17,87.4 1 0
github.com/slimm609/checksec/v3/pkg/utils/filePrinter.go:88.3,88.31 1 1
github.com/slimm609/checksec/v3/pkg/utils/filePrinter.go:89.8,94.86 3 1
github.com/slimm609/checksec/v3/pkg/utils/filePrinter.go:94.86,97.4 2 0
github.com/slimm609/checksec/v3/pkg/utils/filePrinter.go:98.3,98.16 1 1
github.com/slimm609/checksec/v3/pkg/utils/filePrinter.go:98.16,114.4 1 1
github.com/slimm609/checksec/v3/pkg/utils/filePrinter.go:115.3,115.46 1 1
github.com/slimm609/checksec/v3/pkg/utils/filePrinter.go:115.46,131.4 1 1
github.com/slimm609/checksec/v3/pkg/utils/files.go:21.43,22.34 1 1
github.com/slimm609/checksec/v3/pkg/utils/files.go:22.34,24.3 1 0
github.com/slimm609/checksec/v3/pkg/utils/files.go:25.2,25.29 1 1
github.com/slimm609/checksec/v3/pkg/utils/files.go:25.29,27.3 1 0
github.com/slimm609/checksec/v3/pkg/utils/files.go:29.2,29.13 1 1
github.com/slimm609/checksec/v3/pkg/utils/files.go:33.39,35.16 2 0
github.com/slimm609/checksec/v3/pkg/utils/files.go:35.16,37.3 1 0
github.com/slimm609/checksec/v3/pkg/utils/files.go:39.2,39.13 1 0
github.com/slimm609/checksec/v3/pkg/utils/files.go:43.42,45.16 2 0
github.com/slimm609/checksec/v3/pkg/utils/files.go:45.16,46.25 1 0
github.com/slimm609/checksec/v3/pkg/utils/files.go:46.25,48.4 1 0
github.com/slimm609/checksec/v3/pkg/utils/files.go:48.9,50.4 1 0
github.com/slimm609/checksec/v3/pkg/utils/files.go:53.2,53.22 1 0
github.com/slimm609/checksec/v3/pkg/utils/files.go:53.22,55.3 1 0
github.com/slimm609/checksec/v3/pkg/utils/files.go:57.2,57.13 1 0
github.com/slimm609/checksec/v3/pkg/utils/files.go:61.44,63.16 2 0
github.com/slimm609/checksec/v3/pkg/utils/files.go:63.16,64.25 1 0
github.com/slimm609/checksec/v3/pkg/utils/files.go:64.25,66.4 1 0
github.com/slimm609/checksec/v3/pkg/utils/files.go:66.9,68.4 1 0
github.com/slimm609/checksec/v3/pkg/utils/files.go:71.2,71.13 1 0
github.com/slimm609/checksec/v3/pkg/utils/files.go:75.66,79.15 3 1
github.com/slimm609/checksec/v3/pkg/utils/files.go:79.15,80.82 1 0
github.com/slimm609/checksec/v3/pkg/utils/files.go:80.82,81.18 1 0
github.com/slimm609/checksec/v3/pkg/utils/files.go:81.18,83.5 1 0
github.com/slimm609/checksec/v3/pkg/utils/files.go:84.4,84.70 1 0
github.com/slimm609/checksec/v3/pkg/utils/files.go:84.70,86.5 1 0
github.com/slimm609/checksec/v3/pkg/utils/files.go:88.4,88.14 1 0
github.com/slimm609/checksec/v3/pkg/utils/files.go:90.8,92.30 2 1
github.com/slimm609/checksec/v3/pkg/utils/files.go:92.30,94.22 2 1
github.com/slimm609/checksec/v3/pkg/utils/files.go:94.22,95.13 1 0
github.com/slimm609/checksec/v3/pkg/utils/files.go:97.4,97.55 1 1
github.com/slimm609/checksec/v3/pkg/utils/files.go:97.55,99.5 1 1
github.com/slimm609/checksec/v3/pkg/utils/files.go:104.2,104.23 1 1
github.com/slimm609/checksec/v3/pkg/utils/files.go:104.23,106.3 1 0
github.com/slimm609/checksec/v3/pkg/utils/files.go:107.2,107.16 1 1
github.com/slimm609/checksec/v3/pkg/utils/files.go:112.43,114.16 2 0
github.com/slimm609/checksec/v3/pkg/utils/files.go:114.16,117.3 2 0
github.com/slimm609/checksec/v3/pkg/utils/files.go:119.2,119.15 1 0
github.com/slimm609/checksec/v3/pkg/utils/fortifyPrinter.go:45.110,48.16 2 1
github.com/slimm609/checksec/v3/pkg/utils/fortifyPrinter.go:48.16,50.3 1 0
github.com/slimm609/checksec/v3/pkg/utils/fortifyPrinter.go:51.2,52.16 2 1
github.com/slimm609/checksec/v3/pkg/utils/fortifyPrinter.go:52.16,54.3 1 0
github.com/slimm609/checksec/v3/pkg/utils/fortifyPrinter.go:55.2,57.74 2 1
github.com/slimm609/checksec/v3/pkg/utils/fortifyPrinter.go:57.74,60.3 2 0
github.com/slimm609/checksec/v3/pkg/utils/fortifyPrinter.go:62.2,62.28 1 1
github.com/slimm609/checksec/v3/pkg/utils/fortifyPrinter.go:62.28,64.17 2 1
github.com/slimm609/checksec/v3/pkg/utils/fortifyPrinter.go:64.17,66.4 1 0
github.com/slimm609/checksec/v3/pkg/utils/fortifyPrinter.go:67.3,67.36 1 1
github.com/slimm609/checksec/v3/pkg/utils/fortifyPrinter.go:68.8,68.35 1 1
github.com/slimm609/checksec/v3/pkg/utils/fortifyPrinter.go:68.35,70.3 1 1
github.com/slimm609/checksec/v3/pkg/utils/fortifyPrinter.go:70.8,70.34 1 1
github.com/slimm609/checksec/v3/pkg/utils/fortifyPrinter.go:70.34,72.17 2 1
github.com/slimm609/checksec/v3/pkg/utils/fortifyPrinter.go:72.17,74.4 1 0
github.com/slimm609/checksec/v3/pkg/utils/fortifyPrinter.go:75.3,75.31 1 1
github.com/slimm609/checksec/v3/pkg/utils/fortifyPrinter.go:76.8,81.85 3 1
github.com/slimm609/checksec/v3/pkg/utils/fortifyPrinter.go:81.85,84.4 2 0
github.com/slimm609/checksec/v3/pkg/utils/fortifyPrinter.go:86.3,86.45 1 1
github.com/slimm609/checksec/v3/pkg/utils/fortifyPrinter.go:86.45,99.4 11 1
github.com/slimm609/checksec/v3/pkg/utils/kernelPrinter.go:28.101,31.16 2 1
github.com/slimm609/checksec/v3/pkg/utils/kernelPrinter.go:31.16,33.3 1 0
github.com/slimm609/checksec/v3/pkg/utils/kernelPrinter.go:35.2,36.16 2 1
github.com/slimm609/checksec/v3/pkg/utils/kernelPrinter.go:36.16,38.3 1 0
github.com/slimm609/checksec/v3/pkg/utils/kernelPrinter.go:40.2,42.78 2 1
github.com/slimm609/checksec/v3/pkg/utils/kernelPrinter.go:42.78,45.3 2 0
github.com/slimm609/checksec/v3/pkg/utils/kernelPrinter.go:47.2,49.89 2 1
github.com/slimm609/checksec/v3/pkg/utils/kernelPrinter.go:49.89,52.3 2 0
github.com/slimm609/checksec/v3/pkg/utils/kernelPrinter.go:54.2,54.28 1 1
github.com/slimm609/checksec/v3/pkg/utils/kernelPrinter.go:54.28,56.17 2 1
github.com/slimm609/checksec/v3/pkg/utils/kernelPrinter.go:56.17,58.4 1 0
github.com/slimm609/checksec/v3/pkg/utils/kernelPrinter.go:59.3,59.36 1 1
github.com/slimm609/checksec/v3/pkg/utils/kernelPrinter.go:60.8,60.35 1 1
github.com/slimm609/checksec/v3/pkg/utils/kernelPrinter.go:60.35,62.3 1 1
github.com/slimm609/checksec/v3/pkg/utils/kernelPrinter.go:62.8,62.34 1 1
github.com/slimm609/checksec/v3/pkg/utils/kernelPrinter.go:62.34,64.17 2 1
github.com/slimm609/checksec/v3/pkg/utils/kernelPrinter.go:64.17,66.4 1 0
github.com/slimm609/checksec/v3/pkg/utils/kernelPrinter.go:67.3,67.31 1 1
github.com/slimm609/checksec/v3/pkg/utils/kernelPrinter.go:68.8,70.16 2 1
github.com/slimm609/checksec/v3/pkg/utils/kernelPrinter.go:70.16,78.4 2 1
github.com/slimm609/checksec/v3/pkg/utils/kernelPrinter.go:79.3,79.42 1 1
github.com/slimm609/checksec/v3/pkg/utils/kernelPrinter.go:79.42,86.4 1 1
