mode: set
github.com/slimm609/checksec/v3/pkg/checksec/canary.go:23.49,25.16 1 1
github.com/slimm609/checksec/v3/pkg/checksec/canary.go:25.16,27.3 1 1
github.com/slimm609/checksec/v3/pkg/checksec/canary.go:30.2,33.46 2 1
github.com/slimm609/checksec/v3/pkg/checksec/canary.go:33.46,35.3 1 1
github.com/slimm609/checksec/v3/pkg/checksec/canary.go:37.2,40.9 3 1
github.com/slimm609/checksec/v3/pkg/checksec/canary.go:41.20,42.48 1 0
github.com/slimm609/checksec/v3/pkg/checksec/canary.go:43.10,43.10 0 1
github.com/slimm609/checksec/v3/pkg/checksec/canary.go:46.2,47.16 2 1
github.com/slimm609/checksec/v3/pkg/checksec/canary.go:47.16,49.3 1 0
github.com/slimm609/checksec/v3/pkg/checksec/canary.go:50.2,53.16 3 1
github.com/slimm609/checksec/v3/pkg/checksec/canary.go:53.16,55.3 1 1
github.com/slimm609/checksec/v3/pkg/checksec/canary.go:57.2,60.48 2 0
github.com/slimm609/checksec/v3/pkg/checksec/canary.go:60.48,61.34 1 0
github.com/slimm609/checksec/v3/pkg/checksec/canary.go:61.34,62.62 1 0
github.com/slimm609/checksec/v3/pkg/checksec/canary.go:62.62,66.5 3 0
github.com/slimm609/checksec/v3/pkg/checksec/canary.go:71.2,71.64 1 0
github.com/slimm609/checksec/v3/pkg/checksec/canary.go:71.64,72.39 1 0
github.com/slimm609/checksec/v3/pkg/checksec/canary.go:72.39,73.59 1 0
github.com/slimm609/checksec/v3/pkg/checksec/canary.go:73.59,77.5 3 0
github.com/slimm609/checksec/v3/pkg/checksec/canary.go:82.2,82.70 1 0
github.com/slimm609/checksec/v3/pkg/checksec/canary.go:82.70,83.43 1 0
github.com/slimm609/checksec/v3/pkg/checksec/canary.go:83.43,84.62 1 0
github.com/slimm609/checksec/v3/pkg/checksec/canary.go:84.62,88.5 3 0
github.com/slimm609/checksec/v3/pkg/checksec/canary.go:92.2,94.17 3 0
github.com/slimm609/checksec/v3/pkg/checksec/cfi.go:41.43,43.16 1 1
github.com/slimm609/checksec/v3/pkg/checksec/cfi.go:43.16,45.3 1 1
github.com/slimm609/checksec/v3/pkg/checksec/cfi.go:48.2,51.46 2 1
github.com/slimm609/checksec/v3/pkg/checksec/cfi.go:51.46,53.3 1 1
github.com/slimm609/checksec/v3/pkg/checksec/cfi.go:56.2,60.9 3 1
github.com/slimm609/checksec/v3/pkg/checksec/cfi.go:61.20,62.48 1 0
github.com/slimm609/checksec/v3/pkg/checksec/cfi.go:63.10,63.10 0 1
github.com/slimm609/checksec/v3/pkg/checksec/cfi.go:66.2,67.16 2 1
github.com/slimm609/checksec/v3/pkg/checksec/cfi.go:67.16,69.3 1 0
github.com/slimm609/checksec/v3/pkg/checksec/cfi.go:70.2,73.16 3 1
github.com/slimm609/checksec/v3/pkg/checksec/cfi.go:73.16,75.3 1 1
github.com/slimm609/checksec/v3/pkg/checksec/cfi.go:77.2,81.18 5 0
github.com/slimm609/checksec/v3/pkg/checksec/cfi.go:81.18,84.3 2 0
github.com/slimm609/checksec/v3/pkg/checksec/cfi.go:86.2,87.16 2 0
github.com/slimm609/checksec/v3/pkg/checksec/cfi.go:87.16,90.3 2 0
github.com/slimm609/checksec/v3/pkg/checksec/cfi.go:98.2,98.67 1 0
github.com/slimm609/checksec/v3/pkg/checksec/cfi.go:98.67,104.29 3 0
github.com/slimm609/checksec/v3/pkg/checksec/cfi.go:104.29,106.31 1 0
github.com/slimm609/checksec/v3/pkg/checksec/cfi.go:106.31,107.10 1 0
github.com/slimm609/checksec/v3/pkg/checksec/cfi.go:110.4,114.19 4 0
github.com/slimm609/checksec/v3/pkg/checksec/cfi.go:114.19,115.13 1 0
github.com/slimm609/checksec/v3/pkg/checksec/cfi.go:119.4,119.31 1 0
github.com/slimm609/checksec/v3/pkg/checksec/cfi.go:119.31,120.10 1 0
github.com/slimm609/checksec/v3/pkg/checksec/cfi.go:123.4,124.46 2 0
github.com/slimm609/checksec/v3/pkg/checksec/cfi.go:124.46,126.5 1 0
github.com/slimm609/checksec/v3/pkg/checksec/cfi.go:127.4,127.10 1 0
github.com/slimm609/checksec/v3/pkg/checksec/cfi.go:130.3,130.47 1 0
github.com/slimm609/checksec/v3/pkg/checksec/cfi.go:130.47,133.4 2 0
github.com/slimm609/checksec/v3/pkg/checksec/cfi.go:133.9,133.33 1 0
github.com/slimm609/checksec/v3/pkg/checksec/cfi.go:133.33,136.4 2 0
github.com/slimm609/checksec/v3/pkg/checksec/cfi.go:136.9,136.31 1 0
github.com/slimm609/checksec/v3/pkg/checksec/cfi.go:136.31,139.4 2 0
github.com/slimm609/checksec/v3/pkg/checksec/cfi.go:139.9,142.4 2 0
github.com/slimm609/checksec/v3/pkg/checksec/cfi.go:143.8,143.75 1 0
github.com/slimm609/checksec/v3/pkg/checksec/cfi.go:143.75,149.29 3 0
github.com/slimm609/checksec/v3/pkg/checksec/cfi.go:149.29,151.31 1 0
github.com/slimm609/checksec/v3/pkg/checksec/cfi.go:151.31,152.10 1 0
github.com/slimm609/checksec/v3/pkg/checksec/cfi.go:155.4,159.19 4 0
github.com/slimm609/checksec/v3/pkg/checksec/cfi.go:159.19,160.13 1 0
github.com/slimm609/checksec/v3/pkg/checksec/cfi.go:164.4,164.31 1 0
github.com/slimm609/checksec/v3/pkg/checksec/cfi.go:164.31,165.10 1 0
github.com/slimm609/checksec/v3/pkg/checksec/cfi.go:168.4,169.46 2 0
github.com/slimm609/checksec/v3/pkg/checksec/cfi.go:169.46,171.5 1 0
github.com/slimm609/checksec/v3/pkg/checksec/cfi.go:172.4,172.10 1 0
github.com/slimm609/checksec/v3/pkg/checksec/cfi.go:175.3,175.45 1 0
github.com/slimm609/checksec/v3/pkg/checksec/cfi.go:175.45,178.4 2 0
github.com/slimm609/checksec/v3/pkg/checksec/cfi.go:178.9,178.31 1 0
github.com/slimm609/checksec/v3/pkg/checksec/cfi.go:178.31,181.4 2 0
github.com/slimm609/checksec/v3/pkg/checksec/cfi.go:181.9,181.31 1 0
github.com/slimm609/checksec/v3/pkg/checksec/cfi.go:181.31,184.4 2 0
github.com/slimm609/checksec/v3/pkg/checksec/cfi.go:184.9,187.4 2 0
github.com/slimm609/checksec/v3/pkg/checksec/cfi.go:188.9,190.3 0 0
github.com/slimm609/checksec/v3/pkg/checksec/cfi.go:193.2,196.45 3 0
github.com/slimm609/checksec/v3/pkg/checksec/cfi.go:196.45,198.3 1 0
github.com/slimm609/checksec/v3/pkg/checksec/cfi.go:199.2,200.53 2 0
github.com/slimm609/checksec/v3/pkg/checksec/cfi.go:200.53,202.3 1 0
github.com/slimm609/checksec/v3/pkg/checksec/cfi.go:203.2,206.20 2 0
github.com/slimm609/checksec/v3/pkg/checksec/cfi.go:206.20,208.26 1 0
github.com/slimm609/checksec/v3/pkg/checksec/cfi.go:208.26,211.4 2 0
github.com/slimm609/checksec/v3/pkg/checksec/cfi.go:213.3,214.27 2 0
github.com/slimm609/checksec/v3/pkg/checksec/cfi.go:214.27,216.4 1 0
github.com/slimm609/checksec/v3/pkg/checksec/cfi.go:216.9,218.4 1 0
github.com/slimm609/checksec/v3/pkg/checksec/cfi.go:219.3,219.18 1 0
github.com/slimm609/checksec/v3/pkg/checksec/cfi.go:223.2,224.25 2 0
github.com/slimm609/checksec/v3/pkg/checksec/cfi.go:224.25,226.3 1 0
github.com/slimm609/checksec/v3/pkg/checksec/cfi.go:226.8,226.33 1 0
github.com/slimm609/checksec/v3/pkg/checksec/cfi.go:226.33,228.3 1 0
github.com/slimm609/checksec/v3/pkg/checksec/cfi.go:228.8,230.3 1 0
github.com/slimm609/checksec/v3/pkg/checksec/cfi.go:232.2,232.17 1 0
github.com/slimm609/checksec/v3/pkg/checksec/cfi.go:235.51,240.18 2 1
github.com/slimm609/checksec/v3/pkg/checksec/cfi.go:240.18,244.14 3 1
github.com/slimm609/checksec/v3/pkg/checksec/cfi.go:245.33,246.21 1 1
github.com/slimm609/checksec/v3/pkg/checksec/cfi.go:247.35,248.23 1 1
github.com/slimm609/checksec/v3/pkg/checksec/cfi.go:251.2,251.15 1 1
github.com/slimm609/checksec/v3/pkg/checksec/cfi.go:254.57,259.18 2 1
github.com/slimm609/checksec/v3/pkg/checksec/cfi.go:259.18,263.14 3 1
github.com/slimm609/checksec/v3/pkg/checksec/cfi.go:264.33,265.21 1 1
github.com/slimm609/checksec/v3/pkg/checksec/cfi.go:266.33,267.21 1 1
github.com/slimm609/checksec/v3/pkg/checksec/cfi.go:270.2,270.15 1 1
github.com/slimm609/checksec/v3/pkg/checksec/cfi.go:273.38,276.2 2 1
github.com/slimm609/checksec/v3/pkg/checksec/cfi.go:284.84,286.31 1 1
github.com/slimm609/checksec/v3/pkg/checksec/cfi.go:286.31,287.30 1 1
github.com/slimm609/checksec/v3/pkg/checksec/cfi.go:287.30,288.34 1 1
github.com/slimm609/checksec/v3/pkg/checksec/cfi.go:288.34,291.83 3 1
github.com/slimm609/checksec/v3/pkg/checksec/cfi.go:291.83,293.6 1 1
github.com/slimm609/checksec/v3/pkg/checksec/cfi.go:298.2,299.31 2 1
github.com/slimm609/checksec/v3/pkg/checksec/cfi.go:299.31,300.33 1 1
github.com/slimm609/checksec/v3/pkg/checksec/cfi.go:300.33,301.12 1 0
github.com/slimm609/checksec/v3/pkg/checksec/cfi.go:303.3,303.17 1 1
github.com/slimm609/checksec/v3/pkg/checksec/cfi.go:304.22,306.22 1 0
github.com/slimm609/checksec/v3/pkg/checksec/cfi.go:307.82,308.22 1 1
github.com/slimm609/checksec/v3/pkg/checksec/cfi.go:310.3,310.18 1 1
github.com/slimm609/checksec/v3/pkg/checksec/cfi.go:310.18,311.9 1 1
github.com/slimm609/checksec/v3/pkg/checksec/cfi.go:314.2,314.17 1 1
github.com/slimm609/checksec/v3/pkg/checksec/cfi.go:314.17,316.3 1 1
github.com/slimm609/checksec/v3/pkg/checksec/cfi.go:317.2,317.15 1 1
github.com/slimm609/checksec/v3/pkg/checksec/fortify.go:27.66,39.15 9 1
github.com/slimm609/checksec/v3/pkg/checksec/fortify.go:39.15,41.3 1 0
github.com/slimm609/checksec/v3/pkg/checksec/fortify.go:43.2,43.35 1 1
github.com/slimm609/checksec/v3/pkg/checksec/fortify.go:43.35,50.3 6 1
github.com/slimm609/checksec/v3/pkg/checksec/fortify.go:52.2,53.16 2 0
github.com/slimm609/checksec/v3/pkg/checksec/fortify.go:53.16,55.3 1 0
github.com/slimm609/checksec/v3/pkg/checksec/fortify.go:56.2,58.16 3 0
github.com/slimm609/checksec/v3/pkg/checksec/fortify.go:58.16,60.3 1 0
github.com/slimm609/checksec/v3/pkg/checksec/fortify.go:62.2,63.16 2 0
github.com/slimm609/checksec/v3/pkg/checksec/fortify.go:63.16,65.17 2 0
github.com/slimm609/checksec/v3/pkg/checksec/fortify.go:65.17,67.4 1 0
github.com/slimm609/checksec/v3/pkg/checksec/fortify.go:71.2,71.37 1 0
github.com/slimm609/checksec/v3/pkg/checksec/fortify.go:71.37,72.79 1 0
github.com/slimm609/checksec/v3/pkg/checksec/fortify.go:72.79,73.43 1 0
github.com/slimm609/checksec/v3/pkg/checksec/fortify.go:73.43,76.5 2 0
github.com/slimm609/checksec/v3/pkg/checksec/fortify.go:80.2,80.26 1 0
github.com/slimm609/checksec/v3/pkg/checksec/fortify.go:80.26,84.3 3 0
github.com/slimm609/checksec/v3/pkg/checksec/fortify.go:84.8,88.3 3 0
github.com/slimm609/checksec/v3/pkg/checksec/fortify.go:90.2,91.16 2 0
github.com/slimm609/checksec/v3/pkg/checksec/fortify.go:91.16,93.3 1 0
github.com/slimm609/checksec/v3/pkg/checksec/fortify.go:94.2,97.16 3 0
github.com/slimm609/checksec/v3/pkg/checksec/fortify.go:97.16,99.3 1 0
github.com/slimm609/checksec/v3/pkg/checksec/fortify.go:101.2,102.16 2 0
github.com/slimm609/checksec/v3/pkg/checksec/fortify.go:102.16,104.17 2 0
github.com/slimm609/checksec/v3/pkg/checksec/fortify.go:104.17,106.4 1 0
github.com/slimm609/checksec/v3/pkg/checksec/fortify.go:110.2,110.33 1 0
github.com/slimm609/checksec/v3/pkg/checksec/fortify.go:110.33,112.3 1 0
github.com/slimm609/checksec/v3/pkg/checksec/fortify.go:114.2,118.35 4 0
github.com/slimm609/checksec/v3/pkg/checksec/fortify.go:118.35,119.32 1 0
github.com/slimm609/checksec/v3/pkg/checksec/fortify.go:119.32,121.4 1 0
github.com/slimm609/checksec/v3/pkg/checksec/fortify.go:124.2,125.32 2 0
github.com/slimm609/checksec/v3/pkg/checksec/fortify.go:125.32,126.32 1 0
github.com/slimm609/checksec/v3/pkg/checksec/fortify.go:126.32,128.4 1 0
github.com/slimm609/checksec/v3/pkg/checksec/fortify.go:131.2,131.17 1 0
github.com/slimm609/checksec/v3/pkg/checksec/fortify.go:131.17,139.3 7 0
github.com/slimm609/checksec/v3/pkg/checksec/fortify.go:139.8,147.3 7 0
github.com/slimm609/checksec/v3/pkg/checksec/fortify.go:151.37,154.16 3 0
github.com/slimm609/checksec/v3/pkg/checksec/fortify.go:154.16,156.3 1 0
github.com/slimm609/checksec/v3/pkg/checksec/fortify.go:157.2,158.34 2 0
github.com/slimm609/checksec/v3/pkg/checksec/fortify.go:158.34,159.34 1 0
github.com/slimm609/checksec/v3/pkg/checksec/fortify.go:159.34,161.4 1 0
github.com/slimm609/checksec/v3/pkg/checksec/fortify.go:164.2,167.32 3 0
github.com/slimm609/checksec/v3/pkg/checksec/fortify.go:167.32,170.3 2 0
github.com/slimm609/checksec/v3/pkg/checksec/fortify.go:172.2,172.29 1 0
github.com/slimm609/checksec/v3/pkg/checksec/fortify.go:172.29,173.38 1 0
github.com/slimm609/checksec/v3/pkg/checksec/fortify.go:173.38,175.4 1 0
github.com/slimm609/checksec/v3/pkg/checksec/fortify.go:177.2,177.15 1 0
github.com/slimm609/checksec/v3/pkg/checksec/fortify.go:180.50,181.26 1 0
github.com/slimm609/checksec/v3/pkg/checksec/fortify.go:181.26,182.16 1 0
github.com/slimm609/checksec/v3/pkg/checksec/fortify.go:182.16,184.4 1 0
github.com/slimm609/checksec/v3/pkg/checksec/fortify.go:186.2,186.14 1 0
github.com/slimm609/checksec/v3/pkg/checksec/kernel.go:16.63,81.16 9 1
github.com/slimm609/checksec/v3/pkg/checksec/kernel.go:81.16,83.3 1 0
github.com/slimm609/checksec/v3/pkg/checksec/kernel.go:84.2,84.41 1 1
github.com/slimm609/checksec/v3/pkg/checksec/kernel.go:84.41,85.34 1 1
github.com/slimm609/checksec/v3/pkg/checksec/kernel.go:85.34,90.30 5 1
github.com/slimm609/checksec/v3/pkg/checksec/kernel.go:90.30,92.38 2 1
github.com/slimm609/checksec/v3/pkg/checksec/kernel.go:92.38,95.6 2 1
github.com/slimm609/checksec/v3/pkg/checksec/kernel.go:95.11,98.6 2 1
github.com/slimm609/checksec/v3/pkg/checksec/kernel.go:99.5,115.6 2 1
github.com/slimm609/checksec/v3/pkg/checksec/kernel.go:117.4,118.50 2 1
github.com/slimm609/checksec/v3/pkg/checksec/kernel.go:123.2,124.14 2 1
github.com/slimm609/checksec/v3/pkg/checksec/kernel.go:124.14,127.3 2 0
github.com/slimm609/checksec/v3/pkg/checksec/kernel.go:127.8,130.3 2 1
github.com/slimm609/checksec/v3/pkg/checksec/kernel.go:132.2,152.30 5 1
github.com/slimm609/checksec/v3/pkg/checksec/kernel.go:155.68,158.16 3 1
github.com/slimm609/checksec/v3/pkg/checksec/kernel.go:158.16,160.3 1 0
github.com/slimm609/checksec/v3/pkg/checksec/kernel.go:161.2,161.30 1 1
github.com/slimm609/checksec/v3/pkg/checksec/kernel.go:161.30,163.3 1 0
github.com/slimm609/checksec/v3/pkg/checksec/kernel.go:164.2,164.40 1 1
github.com/slimm609/checksec/v3/pkg/checksec/kernel.go:164.40,166.17 2 1
github.com/slimm609/checksec/v3/pkg/checksec/kernel.go:166.17,168.4 1 0
github.com/slimm609/checksec/v3/pkg/checksec/kernel.go:169.3,171.17 3 1
github.com/slimm609/checksec/v3/pkg/checksec/kernel.go:171.17,173.4 1 0
github.com/slimm609/checksec/v3/pkg/checksec/kernel.go:174.3,177.17 3 1
github.com/slimm609/checksec/v3/pkg/checksec/kernel.go:177.17,179.4 1 0
github.com/slimm609/checksec/v3/pkg/checksec/kernel.go:180.8,182.17 2 1
github.com/slimm609/checksec/v3/pkg/checksec/kernel.go:182.17,184.4 1 0
github.com/slimm609/checksec/v3/pkg/checksec/kernel.go:187.2,190.21 3 1
github.com/slimm609/checksec/v3/pkg/checksec/kernel.go:190.21,192.41 2 1
github.com/slimm609/checksec/v3/pkg/checksec/kernel.go:192.41,195.4 2 1
github.com/slimm609/checksec/v3/pkg/checksec/kernel.go:195.9,195.101 1 1
github.com/slimm609/checksec/v3/pkg/checksec/kernel.go:195.101,199.4 3 1
github.com/slimm609/checksec/v3/pkg/checksec/kernel.go:202.2,202.21 1 1
github.com/slimm609/checksec/v3/pkg/checksec/nx.go:15.44,19.19 2 1
github.com/slimm609/checksec/v3/pkg/checksec/nx.go:19.19,23.3 3 1
github.com/slimm609/checksec/v3/pkg/checksec/nx.go:26.2,29.28 2 1
github.com/slimm609/checksec/v3/pkg/checksec/nx.go:29.28,33.3 3 1
github.com/slimm609/checksec/v3/pkg/checksec/nx.go:37.2,37.33 1 1
github.com/slimm609/checksec/v3/pkg/checksec/nx.go:37.33,40.16 1 1
github.com/slimm609/checksec/v3/pkg/checksec/nx.go:40.16,44.4 3 1
github.com/slimm609/checksec/v3/pkg/checksec/nx.go:47.3,47.15 1 1
github.com/slimm609/checksec/v3/pkg/checksec/nx.go:47.15,48.12 1 0
github.com/slimm609/checksec/v3/pkg/checksec/nx.go:52.3,52.58 1 1
github.com/slimm609/checksec/v3/pkg/checksec/nx.go:52.58,56.4 3 1
github.com/slimm609/checksec/v3/pkg/checksec/nx.go:60.2,62.13 3 1
github.com/slimm609/checksec/v3/pkg/checksec/pie.go:12.46,14.21 2 1
github.com/slimm609/checksec/v3/pkg/checksec/pie.go:15.18,17.29 2 1
github.com/slimm609/checksec/v3/pkg/checksec/pie.go:18.18,20.21 2 1
github.com/slimm609/checksec/v3/pkg/checksec/pie.go:21.10,23.30 2 1
github.com/slimm609/checksec/v3/pkg/checksec/pie.go:26.2,26.13 1 1
github.com/slimm609/checksec/v3/pkg/checksec/relro.go:14.32,22.16 5 1
github.com/slimm609/checksec/v3/pkg/checksec/relro.go:22.16,24.3 1 0
github.com/slimm609/checksec/v3/pkg/checksec/relro.go:25.2,27.26 2 1
github.com/slimm609/checksec/v3/pkg/checksec/relro.go:27.26,31.3 3 1
github.com/slimm609/checksec/v3/pkg/checksec/relro.go:38.2,39.20 2 1
github.com/slimm609/checksec/v3/pkg/checksec/relro.go:39.20,41.3 1 1
github.com/slimm609/checksec/v3/pkg/checksec/relro.go:42.2,43.21 2 1
github.com/slimm609/checksec/v3/pkg/checksec/relro.go:43.21,45.3 1 1
github.com/slimm609/checksec/v3/pkg/checksec/relro.go:47.2,48.22 2 1
github.com/slimm609/checksec/v3/pkg/checksec/relro.go:48.22,50.3 1 1
github.com/slimm609/checksec/v3/pkg/checksec/relro.go:52.2,54.62 1 1
github.com/slimm609/checksec/v3/pkg/checksec/relro.go:54.62,56.3 1 0
github.com/slimm609/checksec/v3/pkg/checksec/relro.go:58.2,58.34 1 1
github.com/slimm609/checksec/v3/pkg/checksec/relro.go:58.34,59.36 1 1
github.com/slimm609/checksec/v3/pkg/checksec/relro.go:59.36,61.4 1 0
github.com/slimm609/checksec/v3/pkg/checksec/relro.go:64.2,64.21 1 1
github.com/slimm609/checksec/v3/pkg/checksec/relro.go:64.21,68.3 3 0
github.com/slimm609/checksec/v3/pkg/checksec/relro.go:68.8,68.32 1 1
github.com/slimm609/checksec/v3/pkg/checksec/relro.go:68.32,72.3 3 0
github.com/slimm609/checksec/v3/pkg/checksec/relro.go:72.8,76.3 3 1
github.com/slimm609/checksec/v3/pkg/checksec/rpath.go:14.32,17.16 3 1
github.com/slimm609/checksec/v3/pkg/checksec/rpath.go:17.16,19.3 1 0
github.com/slimm609/checksec/v3/pkg/checksec/rpath.go:20.2,23.21 3 1
github.com/slimm609/checksec/v3/pkg/checksec/rpath.go:23.21,26.3 2 1
github.com/slimm609/checksec/v3/pkg/checksec/rpath.go:26.8,29.3 2 0
github.com/slimm609/checksec/v3/pkg/checksec/rpath.go:30.2,30.13 1 1
github.com/slimm609/checksec/v3/pkg/checksec/runpath.go:15.36,18.16 3 1
github.com/slimm609/checksec/v3/pkg/checksec/runpath.go:18.16,20.3 1 0
github.com/slimm609/checksec/v3/pkg/checksec/runpath.go:21.2,24.23 3 1
github.com/slimm609/checksec/v3/pkg/checksec/runpath.go:24.23,27.3 2 1
github.com/slimm609/checksec/v3/pkg/checksec/runpath.go:27.8,30.3 2 0
github.com/slimm609/checksec/v3/pkg/checksec/runpath.go:31.2,31.13 1 1
github.com/slimm609/checksec/v3/pkg/checksec/safestack.go:20.43,22.2 1 1
github.com/slimm609/checksec/v3/pkg/checksec/safestack.go:25.55,26.16 1 1
github.com/slimm609/checksec/v3/pkg/checksec/safestack.go:26.16,28.3 1 1
github.com/slimm609/checksec/v3/pkg/checksec/safestack.go:30.2,31.46 2 1
github.com/slimm609/checksec/v3/pkg/checksec/safestack.go:31.46,33.3 1 1
github.com/slimm609/checksec/v3/pkg/checksec/safestack.go:35.2,36.16 2 1
github.com/slimm609/checksec/v3/pkg/checksec/safestack.go:36.16,38.3 1 0
github.com/slimm609/checksec/v3/pkg/checksec/safestack.go:39.2,42.16 3 1
github.com/slimm609/checksec/v3/pkg/checksec/safestack.go:42.16,44.3 1 1
github.com/slimm609/checksec/v3/pkg/checksec/safestack.go:46.2,48.48 2 1
github.com/slimm609/checksec/v3/pkg/checksec/safestack.go:48.48,49.34 1 1
github.com/slimm609/checksec/v3/pkg/checksec/safestack.go:49.34,50.39 1 1
github.com/slimm609/checksec/v3/pkg/checksec/safestack.go:50.39,54.5 3 0
github.com/slimm609/checksec/v3/pkg/checksec/safestack.go:58.2,58.64 1 1
github.com/slimm609/checksec/v3/pkg/checksec/safestack.go:58.64,59.42 1 0
github.com/slimm609/checksec/v3/pkg/checksec/safestack.go:59.42,60.39 1 0
github.com/slimm609/checksec/v3/pkg/checksec/safestack.go:60.39,64.5 3 0
github.com/slimm609/checksec/v3/pkg/checksec/safestack.go:68.2,68.70 1 1
github.com/slimm609/checksec/v3/pkg/checksec/safestack.go:68.70,69.43 1 1
github.com/slimm609/checksec/v3/pkg/checksec/safestack.go:69.43,70.39 1 0
github.com/slimm609/checksec/v3/pkg/checksec/safestack.go:70.39,74.5 3 0
github.com/slimm609/checksec/v3/pkg/checksec/safestack.go:78.2,80.17 3 1
github.com/slimm609/checksec/v3/pkg/checksec/symbols.go:19.36,22.16 3 1
github.com/slimm609/checksec/v3/pkg/checksec/symbols.go:22.16,24.3 1 0
github.com/slimm609/checksec/v3/pkg/checksec/symbols.go:25.2,28.23 3 1
github.com/slimm609/checksec/v3/pkg/checksec/symbols.go:28.23,31.3 2 1
github.com/slimm609/checksec/v3/pkg/checksec/symbols.go:31.8,34.3 2 1
github.com/slimm609/checksec/v3/pkg/checksec/symbols.go:35.2,35.13 1 1
github.com/slimm609/checksec/v3/pkg/checksec/symbols.go:38.95,41.20 3 1
github.com/slimm609/checksec/v3/pkg/checksec/symbols.go:41.20,43.3 1 1
github.com/slimm609/checksec/v3/pkg/checksec/symbols.go:45.2,45.34 1 1
github.com/slimm609/checksec/v3/pkg/checksec/symbols.go:45.34,46.34 1 1
github.com/slimm609/checksec/v3/pkg/checksec/symbols.go:46.34,49.18 3 0
github.com/slimm609/checksec/v3/pkg/checksec/symbols.go:49.18,52.5 2 0
github.com/slimm609/checksec/v3/pkg/checksec/symbols.go:54.4,55.36 2 0
github.com/slimm609/checksec/v3/pkg/checksec/symbols.go:55.36,56.40 1 0
github.com/slimm609/checksec/v3/pkg/checksec/symbols.go:56.40,57.26 1 0
github.com/slimm609/checksec/v3/pkg/checksec/symbols.go:57.26,58.12 1 0
github.com/slimm609/checksec/v3/pkg/checksec/symbols.go:60.6,60.51 1 0
github.com/slimm609/checksec/v3/pkg/checksec/symbols.go:60.51,63.7 2 0
github.com/slimm609/checksec/v3/pkg/checksec/symbols.go:65.10,66.39 1 0
github.com/slimm609/checksec/v3/pkg/checksec/symbols.go:66.39,67.25 1 0
github.com/slimm609/checksec/v3/pkg/checksec/symbols.go:67.25,68.12 1 0
github.com/slimm609/checksec/v3/pkg/checksec/symbols.go:70.6,70.51 1 0
github.com/slimm609/checksec/v3/pkg/checksec/symbols.go:70.51,73.7 2 0
github.com/slimm609/checksec/v3/pkg/checksec/symbols.go:78.2,78.17 1 1
github.com/slimm609/checksec/v3/pkg/checksec/symbols.go:81.68,86.20 3 1
github.com/slimm609/checksec/v3/pkg/checksec/symbols.go:86.20,88.3 1 0
github.com/slimm609/checksec/v3/pkg/checksec/symbols.go:89.2,89.26 1 1
github.com/slimm609/checksec/v3/pkg/checksec/symbols.go:89.26,91.3 1 0
github.com/slimm609/checksec/v3/pkg/checksec/symbols.go:92.2,95.16 3 1
github.com/slimm609/checksec/v3/pkg/checksec/symbols.go:95.16,98.3 2 0
github.com/slimm609/checksec/v3/pkg/checksec/symbols.go:100.2,105.69 5 1
github.com/slimm609/checksec/v3/pkg/checksec/symbols.go:105.69,107.3 1 1
github.com/slimm609/checksec/v3/pkg/checksec/symbols.go:108.2,108.78 1 0
github.com/slimm609/checksec/v3/pkg/checksec/symbols.go:108.78,110.3 1 0
github.com/slimm609/checksec/v3/pkg/checksec/symbols.go:111.2,111.64 1 0
github.com/slimm609/checksec/v3/pkg/checksec/symbols.go:111.64,113.3 1 0
github.com/slimm609/checksec/v3/pkg/checksec/symbols.go:116.2,117.54 2 0
github.com/slimm609/checksec/v3/pkg/checksec/symbols.go:117.54,119.3 1 0
github.com/slimm609/checksec/v3/pkg/checksec/symbols.go:119.8,119.38 1 0
github.com/slimm609/checksec/v3/pkg/checksec/symbols.go:119.38,121.3 1 0
github.com/slimm609/checksec/v3/pkg/checksec/symbols.go:121.8,123.3 1 0
github.com/slimm609/checksec/v3/pkg/checksec/symbols.go:125.2,125.21 1 0
github.com/slimm609/checksec/v3/pkg/checksec/symbols.go:125.21,127.3 1 0
github.com/slimm609/checksec/v3/pkg/checksec/symbols.go:130.2,131.39 2 0
github.com/slimm609/checksec/v3/pkg/checksec/symbols.go:131.39,133.3 1 0
github.com/slimm609/checksec/v3/pkg/checksec/symbols.go:133.8,136.3 2 0
github.com/slimm609/checksec/v3/pkg/checksec/symbols.go:138.2,138.23 1 0
github.com/slimm609/checksec/v3/pkg/checksec/symbols.go:138.23,140.3 1 0
github.com/slimm609/checksec/v3/pkg/checksec/symbols.go:143.2,143.59 1 0
github.com/slimm609/checksec/v3/pkg/checksec/symbols.go:143.59,145.3 1 0
github.com/slimm609/checksec/v3/pkg/checksec/symbols.go:146.2,146.23 1 0
github.com/slimm609/checksec/v3/pkg/checksec/symbols.go:146.23,148.3 1 0
github.com/slimm609/checksec/v3/pkg/checksec/symbols.go:149.2,149.60 1 0
github.com/slimm609/checksec/v3/pkg/checksec/symbols.go:149.60,151.3 1 0
github.com/slimm609/checksec/v3/pkg/checksec/symbols.go:152.2,152.24 1 0
github.com/slimm609/checksec/v3/pkg/checksec/symbols.go:152.24,154.3 1 0
github.com/slimm609/checksec/v3/pkg/checksec/symbols.go:157.2,159.16 3 0
github.com/slimm609/checksec/v3/pkg/checksec/symbols.go:159.16,162.3 2 0
github.com/slimm609/checksec/v3/pkg/checksec/symbols.go:165.2,167.16 3 0
github.com/slimm609/checksec/v3/pkg/checksec/symbols.go:167.16,170.3 2 0
github.com/slimm609/checksec/v3/pkg/checksec/symbols.go:173.2,175.31 3 0
github.com/slimm609/checksec/v3/pkg/checksec/symbols.go:175.31,178.3 2 0
github.com/slimm609/checksec/v3/pkg/checksec/symbols.go:178.8,181.3 2 0
github.com/slimm609/checksec/v3/pkg/checksec/symbols.go:183.2,186.45 2 0
github.com/slimm609/checksec/v3/pkg/checksec/symbols.go:186.45,187.31 1 0
github.com/slimm609/checksec/v3/pkg/checksec/symbols.go:187.31,188.9 1 0
github.com/slimm609/checksec/v3/pkg/checksec/symbols.go:190.3,190.14 1 0
github.com/slimm609/checksec/v3/pkg/checksec/symbols.go:190.14,193.18 3 0
github.com/slimm609/checksec/v3/pkg/checksec/symbols.go:193.18,195.13 2 0
github.com/slimm609/checksec/v3/pkg/checksec/symbols.go:199.4,199.50 1 0
github.com/slimm609/checksec/v3/pkg/checksec/symbols.go:199.50,201.37 1 0
github.com/slimm609/checksec/v3/pkg/checksec/symbols.go:201.37,205.61 3 0
github.com/slimm609/checksec/v3/pkg/checksec/symbols.go:205.61,206.34 1 0
github.com/slimm609/checksec/v3/pkg/checksec/symbols.go:206.34,207.13 1 0
github.com/slimm609/checksec/v3/pkg/checksec/symbols.go:210.6,211.45 2 0
github.com/slimm609/checksec/v3/pkg/checksec/symbols.go:214.9,217.18 3 0
github.com/slimm609/checksec/v3/pkg/checksec/symbols.go:217.18,219.13 2 0
github.com/slimm609/checksec/v3/pkg/checksec/symbols.go:223.4,223.50 1 0
github.com/slimm609/checksec/v3/pkg/checksec/symbols.go:223.50,225.37 1 0
github.com/slimm609/checksec/v3/pkg/checksec/symbols.go:225.37,229.61 3 0
github.com/slimm609/checksec/v3/pkg/checksec/symbols.go:229.61,230.34 1 0
github.com/slimm609/checksec/v3/pkg/checksec/symbols.go:230.34,231.13 1 0
github.com/slimm609/checksec/v3/pkg/checksec/symbols.go:234.6,235.45 2 0
github.com/slimm609/checksec/v3/pkg/checksec/symbols.go:240.2,240.23 1 0
github.com/slimm609/checksec/v3/pkg/checksec/sysctl.go:9.51,34.33 4 1
github.com/slimm609/checksec/v3/pkg/checksec/sysctl.go:34.33,43.22 7 1
github.com/slimm609/checksec/v3/pkg/checksec/sysctl.go:43.22,44.31 1 1
github.com/slimm609/checksec/v3/pkg/checksec/sysctl.go:44.31,46.5 1 0
github.com/slimm609/checksec/v3/pkg/checksec/sysctl.go:46.10,48.5 1 1
github.com/slimm609/checksec/v3/pkg/checksec/sysctl.go:49.4,49.20 1 1
github.com/slimm609/checksec/v3/pkg/checksec/sysctl.go:50.9,53.4 2 0
github.com/slimm609/checksec/v3/pkg/checksec/sysctl.go:54.3,72.49 4 1
github.com/slimm609/checksec/v3/pkg/checksec/sysctl.go:75.2,75.30 1 1
